2023-Jun-22 10:12:56 Наличие необходимых модулей php (check_php_modules): Ok
Все необходимые модули установлены
2023-Jun-22 10:12:56 Обязательные параметры PHP (check_php_settings): Ok
Настройки правильные
2023-Jun-22 10:12:56 Модули веб-сервера (check_security): Ok
Конфликтов не выявлено
2023-Jun-22 10:12:57 Значения переменных сервера (check_server_vars): Fail
Ошибка! Текущий домен не валидный (palesse:8888). Может содержать только цифры, латинские буквы и дефис. Должен содержать точку.
2023-Jun-22 10:12:57 Сохранение сессии (check_session): Ok
50% done
2023-Jun-22 10:12:57 Сохранение сессии (check_session): Ok
Успешно
2023-Jun-22 10:12:57 Параметры настройки UTF (mbstring и константа BX_UTF) (check_mbstring): Ok
Правильные. Сайт работает в UTF кодировке
2023-Jun-22 10:12:58 Служебные скрипты в корне сайта (check_install_scripts): Ok
Отсутствуют
2023-Jun-22 10:12:58 Работа с сокетами (check_socket): Ok
Connection to palesse:8888	Success

Успешно
2023-Jun-22 10:12:58 Выполнение агентов на cron (check_bx_crontab): Warning
Замечание. Агенты выполняются на хитах, рекомендуется перевести выполнение агентов на cron
2023-Jun-22 10:12:58 Параметры подключения к базе данных (check_dbconn_settings): Ok
Успешно
2023-Jun-22 10:12:59 Лишний вывод в файлах конфигурации (check_dbconn): Ok
Connection to palesse:8888	Success

Успешно
2023-Jun-22 10:12:59 Сохранение сессии без UserAgent (check_session_ua): Ok
50% done
Connection to palesse:8888	Success

2023-Jun-22 10:12:59 Сохранение сессии без UserAgent (check_session_ua): Ok
Connection to palesse:8888	Success

Успешно
2023-Jun-22 10:12:59 Настройки сайтов (check_sites): Ok
Правильные
2023-Jun-22 10:13:00 Размер стека и pcre.recursion_limit (check_pcre_recursion): Ok
Connection to palesse:8888	Success

Успешно
2023-Jun-22 10:13:00 Загрузка файла (check_upload): Ok
Connection to palesse:8888	Success

Успешно
2023-Jun-22 10:13:00 Загрузка файла больше 4Мб (check_upload_big): Ok
Connection to palesse:8888	Success

Успешно
2023-Jun-22 10:13:00 Загрузка файла через php://input (check_upload_raw): Ok
Connection to palesse:8888	Success

Успешно
2023-Jun-22 10:13:01 Передача POST запроса с большим числом параметров (check_post): Ok
Connection to palesse:8888	Success

Успешно
2023-Jun-22 10:13:01 Отправка почты (check_mail): Ok
Успешно
2023-Jun-22 10:13:01 Отправка почтового сообщения больше 64Кб (check_mail_big): Ok
Успешно
2023-Jun-22 10:13:02 Проверка на наличие неотправленных сообщений (check_mail_b_event): Ok
Успешно
2023-Jun-22 10:13:02 Внутреннее перенаправление (функция LocalRedirect) (check_localredirect): Ok
50% done
Connection to palesse:8888	Success

2023-Jun-22 10:13:02 Внутреннее перенаправление (функция LocalRedirect) (check_localredirect): Ok
Connection to palesse:8888	Success

Успешно
2023-Jun-22 10:13:02 Фактическое ограничение памяти (check_memory_limit): Ok
20% done
Connection to palesse:8888	Success

2023-Jun-22 10:13:03 Фактическое ограничение памяти (check_memory_limit): Ok
40% done
Connection to palesse:8888	Success

2023-Jun-22 10:13:03 Фактическое ограничение памяти (check_memory_limit): Ok
60% done
Connection to palesse:8888	Success

2023-Jun-22 10:13:03 Фактическое ограничение памяти (check_memory_limit): Ok
80% done
Connection to palesse:8888	Success

2023-Jun-22 10:13:03 Фактическое ограничение памяти (check_memory_limit): Ok
Connection to palesse:8888	Success

Не менее 256 М
2023-Jun-22 10:13:04 Работа с файлами кеша (check_cache): Ok
Успешно
2023-Jun-22 10:13:04 Доступ к серверу обновлений (check_update): Ok
Успешно
2023-Jun-22 10:13:04 HTTP авторизация (check_http_auth): Ok
Connection to palesse:8888	Success

Успешно
2023-Jun-22 10:13:05 Создание и запуск файла (check_exec): Ok
Connection to palesse:8888	Success

Успешно
2023-Jun-22 10:13:05 Функция getimagesize для swf (check_getimagesize): Ok
Успешно
2023-Jun-22 10:13:05 Версия MySQL-сервера (check_mysql_bug_version): Ok
Успешно
2023-Jun-22 10:13:06 Время на БД и веб-сервере (check_mysql_time): Ok
Успешно
2023-Jun-22 10:13:06 Режим работы MySQL (check_mysql_mode): Ok
Успешно
2023-Jun-22 10:13:06 Кодировка соединения (check_mysql_connection_charset): Ok
character_set_connection=utf8, collation_connection=utf8_unicode_ci, character_set_results=utf8
Успешно
2023-Jun-22 10:13:06 Кодировка базы данных (check_mysql_db_charset): Ok
CHARSET=utf8, COLLATION=utf8_unicode_ci
Успешно
2023-Jun-22 10:13:07 Кодировки таблиц в БД (check_mysql_table_charset): Ok
Успешно
2023-Jun-22 10:13:07 Структура базы данных (check_mysql_table_structure): Ok
0% done
2023-Jun-22 10:13:08 Структура базы данных (check_mysql_table_structure): Ok
3% done
2023-Jun-22 10:13:09 Структура базы данных (check_mysql_table_structure): Ok
7% done
2023-Jun-22 10:13:09 Структура базы данных (check_mysql_table_structure): Ok
11% done
2023-Jun-22 10:13:10 Структура базы данных (check_mysql_table_structure): Ok
15% done
2023-Jun-22 10:13:11 Структура базы данных (check_mysql_table_structure): Ok
19% done
2023-Jun-22 10:13:11 Структура базы данных (check_mysql_table_structure): Ok
23% done
2023-Jun-22 10:13:11 Структура базы данных (check_mysql_table_structure): Ok
26% done
2023-Jun-22 10:13:12 Структура базы данных (check_mysql_table_structure): Ok
30% done
2023-Jun-22 10:13:12 Структура базы данных (check_mysql_table_structure): Ok
34% done
2023-Jun-22 10:13:13 Структура базы данных (check_mysql_table_structure): Ok
38% done
2023-Jun-22 10:13:13 Структура базы данных (check_mysql_table_structure): Ok
42% done
2023-Jun-22 10:13:13 Структура базы данных (check_mysql_table_structure): Ok
46% done
2023-Jun-22 10:13:14 Структура базы данных (check_mysql_table_structure): Ok
50% done
2023-Jun-22 10:13:14 Структура базы данных (check_mysql_table_structure): Ok
53% done
2023-Jun-22 10:13:15 Структура базы данных (check_mysql_table_structure): Ok
57% done
2023-Jun-22 10:13:16 Структура базы данных (check_mysql_table_structure): Ok
61% done
2023-Jun-22 10:13:17 Структура базы данных (check_mysql_table_structure): Ok
65% done
2023-Jun-22 10:13:17 Структура базы данных (check_mysql_table_structure): Ok
69% done
2023-Jun-22 10:13:17 Структура базы данных (check_mysql_table_structure): Ok
73% done
2023-Jun-22 10:13:18 Структура базы данных (check_mysql_table_structure): Ok
76% done
2023-Jun-22 10:13:21 Структура базы данных (check_mysql_table_structure): Ok
80% done
2023-Jun-22 10:13:21 Структура базы данных (check_mysql_table_structure): Ok
84% done
2023-Jun-22 10:13:22 Структура базы данных (check_mysql_table_structure): Ok
88% done
2023-Jun-22 10:13:22 Структура базы данных (check_mysql_table_structure): Ok
92% done
2023-Jun-22 10:13:23 Структура базы данных (check_mysql_table_structure): Ok
96% done
2023-Jun-22 10:13:23 Структура базы данных (check_mysql_table_structure): Ok
Успешно
